Determining if the pthread_create exist failed with the following output:
Change Dir: /home/user/workspace/proj/CMakeFiles/CMakeTmp

Run Build Command:"/usr/bin/make" "cmTC_94cd9/fast"
/usr/bin/make -f CMakeFiles/cmTC_94cd9.dir/build.make CMakeFiles/cmTC_94cd9.dir/build
make[1]: 디렉터리 '/home/user/workspace/proj/CMakeFiles/CMakeTmp' 들어감
Building C object CMakeFiles/cmTC_94cd9.dir/CheckSymbolExists.c.o
/usr/bin/cc    -o CMakeFiles/cmTC_94cd9.dir/CheckSymbolExists.c.o   -c /home/user/workspace/proj/CMakeFiles/CMakeTmp/CheckSymbolExists.c
Linking C executable cmTC_94cd9
/usr/bin/cmake -E cmake_link_script CMakeFiles/cmTC_94cd9.dir/link.txt --verbose=1
/usr/bin/cc        CMakeFiles/cmTC_94cd9.dir/CheckSymbolExists.c.o  -o cmTC_94cd9 
CMakeFiles/cmTC_94cd9.dir/CheckSymbolExists.c.o: In function `main':
CheckSymbolExists.c:(.text+0x1b): undefined reference to `pthread_create'
collect2: error: ld returned 1 exit status
CMakeFiles/cmTC_94cd9.dir/build.make:97: recipe for target 'cmTC_94cd9' failed
make[1]: *** [cmTC_94cd9] Error 1
make[1]: 디렉터리 '/home/user/workspace/proj/CMakeFiles/CMakeTmp' 나감
Makefile:126: recipe for target 'cmTC_94cd9/fast' failed
make: *** [cmTC_94cd9/fast] Error 2

File /home/user/workspace/proj/CMakeFiles/CMakeTmp/CheckSymbolExists.c:
/* */
#include <pthread.h>

int main(int argc, char** argv)
{
  (void)argv;
#ifndef pthread_create
  return ((int*)(&pthread_create))[argc];
#else
  (void)argc;
  return 0;
#endif
}

Determining if the function pthread_create exists in the pthreads failed with the following output:
Change Dir: /home/user/workspace/proj/CMakeFiles/CMakeTmp

Run Build Command:"/usr/bin/make" "cmTC_a8636/fast"
/usr/bin/make -f CMakeFiles/cmTC_a8636.dir/build.make CMakeFiles/cmTC_a8636.dir/build
make[1]: 디렉터리 '/home/user/workspace/proj/CMakeFiles/CMakeTmp' 들어감
Building C object CMakeFiles/cmTC_a8636.dir/CheckFunctionExists.c.o
/usr/bin/cc   -DCHECK_FUNCTION_EXISTS=pthread_create   -o CMakeFiles/cmTC_a8636.dir/CheckFunctionExists.c.o   -c /usr/share/cmake-3.10/Modules/CheckFunctionExists.c
Linking C executable cmTC_a8636
/usr/bin/cmake -E cmake_link_script CMakeFiles/cmTC_a8636.dir/link.txt --verbose=1
/usr/bin/cc   -DCHECK_FUNCTION_EXISTS=pthread_create     CMakeFiles/cmTC_a8636.dir/CheckFunctionExists.c.o  -o cmTC_a8636 -lpthreads 
/usr/bin/ld: cannot find -lpthreads
collect2: error: ld returned 1 exit status
CMakeFiles/cmTC_a8636.dir/build.make:97: recipe for target 'cmTC_a8636' failed
make[1]: *** [cmTC_a8636] Error 1
make[1]: 디렉터리 '/home/user/workspace/proj/CMakeFiles/CMakeTmp' 나감
Makefile:126: recipe for target 'cmTC_a8636/fast' failed
make: *** [cmTC_a8636/fast] Error 2


